2019-07-24 00:45:54,893 [main] [INIT] FILENAME : words.txt  | RESULT DIRECTORY : result/  | PARTITION CNT : 7
2019-07-24 00:45:54,897 [main] [INIT] PRODUCER 
2019-07-24 00:45:54,899 [Thread-2] [CONSUMER THREAD START] THREAD_ID=14 
2019-07-24 00:45:54,900 [Thread-3] [CONSUMER THREAD START] THREAD_ID=15 
2019-07-24 00:45:54,901 [Thread-6] [CONSUMER THREAD START] THREAD_ID=18 
2019-07-24 00:45:54,901 [Thread-7] [CONSUMER THREAD START] THREAD_ID=19 
2019-07-24 00:45:54,903 [main] [INIT] CONSUMER 
2019-07-24 00:45:54,904 [Thread-8] [CONSUMER THREAD START] THREAD_ID=20 
2019-07-24 00:45:54,901 [Thread-4] [CONSUMER THREAD START] THREAD_ID=16 
2019-07-24 00:45:54,903 [Thread-5] [CONSUMER THREAD START] THREAD_ID=17 
2019-07-24 00:46:02,507 [Thread-1] [PRODUCER] line : 10000 | WORD : aligner (SEEK : 97026) 
2019-07-24 00:46:02,558 [Thread-1] [PRODUCER] line : 20000 | WORD : Anti-turkish (SEEK : 207711) 
2019-07-24 00:46:02,571 [Thread-1] [PRODUCER] line : 30000 | WORD : aversely (SEEK : 308813) 
2019-07-24 00:46:02,580 [Thread-1] [PRODUCER] line : 40000 | WORD : bespill (SEEK : 402623) 
2019-07-24 00:46:02,588 [Thread-1] [PRODUCER] line : 50000 | WORD : bravoite (SEEK : 499116) 
2019-07-24 00:46:02,596 [Thread-1] [PRODUCER] line : 60000 | WORD : cardsharp (SEEK : 596131) 
2019-07-24 00:46:02,608 [Thread-1] [PRODUCER] line : 70000 | WORD : Chrysophanus (SEEK : 698016) 
2019-07-24 00:46:02,618 [Thread-1] [PRODUCER] line : 80000 | WORD : commonition (SEEK : 802699) 
2019-07-24 00:46:02,635 [Thread-1] [PRODUCER] line : 90000 | WORD : crescentade (SEEK : 914329) 
2019-07-24 00:46:02,648 [Thread-1] [PRODUCER] line : 100000 | WORD : demichamfron (SEEK : 1012851) 
2019-07-24 00:46:02,660 [Thread-1] [PRODUCER] line : 110000 | WORD : disseminations (SEEK : 1122313) 
2019-07-24 00:46:02,673 [Thread-1] [PRODUCER] line : 120000 | WORD : electioneered (SEEK : 1216351) 
2019-07-24 00:46:02,681 [Thread-1] [PRODUCER] line : 130000 | WORD : euphonized (SEEK : 1319993) 
2019-07-24 00:46:02,694 [Thread-1] [PRODUCER] line : 140000 | WORD : fish-scale (SEEK : 1421620) 
2019-07-24 00:46:02,717 [Thread-1] [PRODUCER] line : 150000 | WORD : gaincall (SEEK : 1519567) 
2019-07-24 00:46:02,725 [Thread-1] [PRODUCER] line : 160000 | WORD : graininess (SEEK : 1615512) 
2019-07-24 00:46:02,731 [Thread-1] [PRODUCER] line : 170000 | WORD : heftily (SEEK : 1714081) 
2019-07-24 00:46:02,741 [Thread-1] [PRODUCER] line : 180000 | WORD : Hooghly (SEEK : 1825686) 
2019-07-24 00:46:02,751 [Thread-1] [PRODUCER] line : 190000 | WORD : indrawn (SEEK : 1928812) 
2019-07-24 00:46:02,760 [Thread-1] [PRODUCER] line : 200000 | WORD : Jacobah (SEEK : 2039964) 
2019-07-24 00:46:02,769 [Thread-1] [PRODUCER] line : 210000 | WORD : kwanzas (SEEK : 2124126) 
2019-07-24 00:46:02,775 [Thread-1] [PRODUCER] line : 220000 | WORD : LittB (SEEK : 2220921) 
2019-07-24 00:46:02,785 [Thread-1] [PRODUCER] line : 230000 | WORD : mastering (SEEK : 2316642) 
2019-07-24 00:46:02,793 [Thread-1] [PRODUCER] line : 240000 | WORD : misapplier (SEEK : 2421476) 
2019-07-24 00:46:02,803 [Thread-1] [PRODUCER] line : 250000 | WORD : napes (SEEK : 2520985) 
2019-07-24 00:46:02,811 [Thread-1] [PRODUCER] line : 260000 | WORD : nonlinearities (SEEK : 2638021) 
2019-07-24 00:46:02,821 [Thread-1] [PRODUCER] line : 270000 | WORD : opaquing (SEEK : 2748629) 
2019-07-24 00:46:02,842 [Thread-1] [PRODUCER] line : 280000 | WORD : OWHN (SEEK : 2860917) 
2019-07-24 00:46:02,847 [Thread-1] [PRODUCER] line : 290000 | WORD : perched (SEEK : 2965260) 
2019-07-24 00:46:02,853 [Thread-1] [PRODUCER] line : 300000 | WORD : plantage (SEEK : 3075021) 
2019-07-24 00:46:02,857 [Thread-1] [PRODUCER] line : 310000 | WORD : prefermentation (SEEK : 3186988) 
2019-07-24 00:46:02,862 [Thread-1] [PRODUCER] line : 320000 | WORD : pugmill (SEEK : 3307412) 
2019-07-24 00:46:02,868 [Thread-1] [PRODUCER] line : 330000 | WORD : reconvicting (SEEK : 3414374) 
2019-07-24 00:46:02,874 [Thread-1] [PRODUCER] line : 340000 | WORD : rhinopharyngeal (SEEK : 3520532) 
2019-07-24 00:46:02,879 [Thread-1] [PRODUCER] line : 350000 | WORD : savioress (SEEK : 3615435) 
2019-07-24 00:46:02,884 [Thread-1] [PRODUCER] line : 360000 | WORD : seriffed (SEEK : 3729385) 
2019-07-24 00:46:02,890 [Thread-1] [PRODUCER] line : 370000 | WORD : slay (SEEK : 3828742) 
2019-07-24 00:46:02,896 [Thread-1] [PRODUCER] line : 380000 | WORD : spragger (SEEK : 3931781) 
2019-07-24 00:46:02,903 [Thread-1] [PRODUCER] line : 390000 | WORD : subsidizations (SEEK : 4040444) 
2019-07-24 00:46:02,911 [Thread-1] [PRODUCER] line : 400000 | WORD : tchincou (SEEK : 4148259) 
2019-07-24 00:46:02,937 [Thread-1] [PRODUCER] line : 410000 | WORD : Tjirebon (SEEK : 4253859) 
2019-07-24 00:46:02,945 [Thread-1] [PRODUCER] line : 420000 | WORD : turnery (SEEK : 4357669) 
2019-07-24 00:46:02,950 [Thread-1] [PRODUCER] line : 430000 | WORD : unentailed (SEEK : 4476083) 
2019-07-24 00:46:02,955 [Thread-1] [PRODUCER] line : 440000 | WORD : unshrunk (SEEK : 4595313) 
2019-07-24 00:46:02,960 [Thread-1] [PRODUCER] line : 450000 | WORD : villagy (SEEK : 4698213) 
2019-07-24 00:46:02,966 [Thread-1] [PRODUCER] line : 460000 | WORD : will-lessly (SEEK : 4798664) 
2019-07-24 00:46:02,970 [Thread-1] [PRODUCER] line : 466551 | WORD : ZZZ (SEEK : 4863004) 
2019-07-24 00:46:02,971 [Thread-1] [PRODUCER] 466551 lines processing is complete. 
2019-07-24 00:46:18,194 [Thread-5] [CONSUMER] WORD : chrysophane (SEEK : 697990) 
2019-07-24 00:46:18,307 [Thread-4] [CONSUMER] WORD : chrysophan (SEEK : 697978) 
2019-07-24 00:46:18,454 [Thread-8] [CONSUMER] WORD : chrysophenin (SEEK : 698029) 
2019-07-24 00:46:19,701 [Thread-6] [CONSUMER] WORD : chrysophanic (SEEK : 698003) 
2019-07-24 00:46:19,747 [Thread-2] [CONSUMER] WORD : chrysopal (SEEK : 697957) 
2019-07-24 00:46:19,838 [Thread-3] [CONSUMER] WORD : chrysopee (SEEK : 697967) 
2019-07-24 00:46:19,894 [Thread-7] [CONSUMER] WORD : Chrysophanus (SEEK : 698016) 
2019-07-24 00:46:28,026 [Thread-5] [CONSUMER] WORD : fish-scale (SEEK : 1421620) 
2019-07-24 00:46:30,502 [Thread-4] [CONSUMER] WORD : fish-producing (SEEK : 1421609) 
2019-07-24 00:46:31,094 [Thread-8] [CONSUMER] WORD : fish-shaped (SEEK : 1421658) 
2019-07-24 00:46:34,257 [Thread-6] [CONSUMER] WORD : fish-scaling (SEEK : 1421633) 
2019-07-24 00:46:34,330 [Thread-2] [CONSUMER] WORD : fishpotter (SEEK : 1421584) 
2019-07-24 00:46:35,070 [Thread-3] [CONSUMER] WORD : fishpound (SEEK : 1421594) 
2019-07-24 00:46:35,080 [Thread-7] [CONSUMER] WORD : fish-selling (SEEK : 1421646) 
2019-07-24 00:46:36,109 [Thread-5] [CONSUMER] WORD : Kwapa (SEEK : 2124132) 
2019-07-24 00:46:41,795 [Thread-4] [CONSUMER] WORD : kwanzas (SEEK : 2124126) 
2019-07-24 00:46:42,358 [Thread-8] [CONSUMER] WORD : kwarta (SEEK : 2124153) 
2019-07-24 00:46:44,387 [Thread-5] [CONSUMER] WORD : Owingsville (SEEK : 2860983) 
2019-07-24 00:46:49,087 [Thread-6] [CONSUMER] WORD : Kwapong (SEEK : 2124140) 
2019-07-24 00:46:49,370 [Thread-2] [CONSUMER] WORD : Kwantung (SEEK : 2124111) 
2019-07-24 00:46:50,156 [Thread-3] [CONSUMER] WORD : kwanza (SEEK : 2124118) 
2019-07-24 00:46:50,234 [Thread-7] [CONSUMER] WORD : Kwara (SEEK : 2124146) 
2019-07-24 00:46:53,001 [Thread-5] [CONSUMER] WORD : Savitt (SEEK : 3615549) 
2019-07-24 00:46:54,134 [Thread-4] [CONSUMER] WORD : Owings-Mills (SEEK : 2860971) 
2019-07-24 00:46:54,820 [Thread-8] [CONSUMER] WORD : owldom (SEEK : 2860998) 
2019-07-24 00:47:04,850 [Thread-6] [CONSUMER] WORD : owk (SEEK : 2860987) 
2019-07-24 00:47:08,086 [Thread-3] [CONSUMER] WORD : Owings (SEEK : 2860958) 
2019-07-24 00:47:09,149 [Thread-2] [CONSUMER] WORD : owing (SEEK : 2860951) 
2019-07-24 00:47:09,828 [Thread-5] [CONSUMER] WORD : turnip (SEEK : 4357938) 
2019-07-24 00:47:15,956 [Thread-7] [CONSUMER] WORD : owl (SEEK : 2860991) 
2019-07-24 00:47:19,339 [Thread-8] [CONSUMER] WORD : Savoyards (SEEK : 3615574) 
2019-07-24 00:47:22,594 [Thread-4] [CONSUMER] WORD : Savitri (SEEK : 3615542) 
2019-07-24 00:47:42,258 [Thread-5] [CONSUMER] WORD : zZt (SEEK : 4863001) 
2019-07-24 00:47:42,259 [Thread-5] [CONSUMER] Consumer processing is complete (SEEK : 4863001) 
2019-07-24 00:47:55,064 [Thread-6] [CONSUMER] WORD : Savoy (SEEK : 3615555) 
2019-07-24 00:47:57,687 [Thread-3] [CONSUMER] WORD : Savitar (SEEK : 3615534) 
2019-07-24 00:47:59,331 [Thread-2] [CONSUMER] WORD : saviourship (SEEK : 3615526) 
2019-07-24 00:48:05,529 [Thread-7] [CONSUMER] WORD : Savoyard (SEEK : 3615564) 
2019-07-24 00:48:06,370 [Thread-8] [CONSUMER] WORD : turnip-fed (SEEK : 4357978) 
2019-07-24 00:48:11,504 [Thread-4] [CONSUMER] WORD : turnings (SEEK : 4357931) 
2019-07-24 00:48:35,681 [Thread-8] [CONSUMER] WORD : zwitterionic (SEEK : 4862978) 
2019-07-24 00:48:35,682 [Thread-8] [CONSUMER] Consumer processing is complete (SEEK : 4862978) 
2019-07-24 00:48:38,699 [Thread-6] [CONSUMER] WORD : turnip-bearing (SEEK : 4357953) 
2019-07-24 00:48:39,396 [Thread-4] [CONSUMER] WORD : ZZ (SEEK : 4862997) 
2019-07-24 00:48:39,397 [Thread-4] [CONSUMER] Consumer processing is complete (SEEK : 4862997) 
2019-07-24 00:48:39,722 [Thread-3] [CONSUMER] WORD : turningness (SEEK : 4357922) 
2019-07-24 00:48:42,426 [Thread-2] [CONSUMER] WORD : turning (SEEK : 4357910) 
2019-07-24 00:48:48,653 [Thread-7] [CONSUMER] WORD : turnip-eating (SEEK : 4357967) 
2019-07-24 00:48:54,722 [Thread-6] [CONSUMER] WORD : ZZZ (SEEK : 4863004) 
2019-07-24 00:48:54,722 [Thread-6] [CONSUMER] Consumer processing is complete (SEEK : 4863004) 
2019-07-24 00:48:54,771 [Thread-3] [CONSUMER] WORD : Zworykin (SEEK : 4862994) 
2019-07-24 00:48:54,771 [Thread-3] [CONSUMER] Consumer processing is complete (SEEK : 4862994) 
2019-07-24 00:48:55,114 [Thread-2] [CONSUMER] WORD : Zwolle (SEEK : 4862985) 
2019-07-24 00:48:55,115 [Thread-2] [CONSUMER] Consumer processing is complete (SEEK : 4862985) 
2019-07-24 00:48:56,015 [Thread-7] [CONSUMER] WORD : zwitterion (SEEK : 4862965) 
2019-07-24 00:48:56,016 [Thread-7] [CONSUMER] Consumer processing is complete (SEEK : 4862965) 
2019-07-24 00:49:39,121 [Thread-2] [CONSUMER] LAST WORD : Zwolle (SEEK : 4862985) 
2019-07-24 00:49:39,122 [Thread-2] [CONSUMER] Duplicate Count : 0 
2019-07-24 00:49:39,123 [Thread-2] [CONSUMER] Apply Count : 466509 
2019-07-24 00:49:39,124 [Thread-2] [CONSUMER] THREAD TERMINATED 
2019-07-24 00:49:39,415 [Thread-4] [CONSUMER] LAST WORD : ZZ (SEEK : 4862997) 
2019-07-24 00:49:39,416 [Thread-4] [CONSUMER] Duplicate Count : 0 
2019-07-24 00:49:39,417 [Thread-4] [CONSUMER] Apply Count : 466509 
2019-07-24 00:49:39,417 [Thread-4] [CONSUMER] THREAD TERMINATED 
2019-07-24 00:49:39,526 [Thread-5] [CONSUMER] LAST WORD : zZt (SEEK : 4863001) 
2019-07-24 00:49:39,527 [Thread-5] [CONSUMER] Duplicate Count : 0 
2019-07-24 00:49:39,528 [Thread-5] [CONSUMER] Apply Count : 466509 
2019-07-24 00:49:39,529 [Thread-5] [CONSUMER] THREAD TERMINATED 
2019-07-24 00:49:39,711 [Thread-8] [CONSUMER] LAST WORD : zwitterionic (SEEK : 4862978) 
2019-07-24 00:49:39,712 [Thread-8] [CONSUMER] Duplicate Count : 0 
2019-07-24 00:49:39,713 [Thread-8] [CONSUMER] Apply Count : 466509 
2019-07-24 00:49:39,714 [Thread-8] [CONSUMER] THREAD TERMINATED 
2019-07-24 00:49:39,725 [Thread-6] [CONSUMER] LAST WORD : ZZZ (SEEK : 4863004) 
2019-07-24 00:49:39,726 [Thread-6] [CONSUMER] Duplicate Count : 0 
2019-07-24 00:49:39,727 [Thread-6] [CONSUMER] Apply Count : 466509 
2019-07-24 00:49:39,728 [Thread-6] [CONSUMER] THREAD TERMINATED 
2019-07-24 00:49:39,778 [Thread-3] [CONSUMER] LAST WORD : Zworykin (SEEK : 4862994) 
2019-07-24 00:49:39,779 [Thread-3] [CONSUMER] Duplicate Count : 0 
2019-07-24 00:49:39,780 [Thread-3] [CONSUMER] Apply Count : 466509 
2019-07-24 00:49:39,781 [Thread-3] [CONSUMER] THREAD TERMINATED 
2019-07-24 00:49:40,019 [Thread-7] [CONSUMER] LAST WORD : zwitterion (SEEK : 4862965) 
2019-07-24 00:49:40,020 [Thread-7] [CONSUMER] Duplicate Count : 4 
2019-07-24 00:49:40,020 [Thread-7] [CONSUMER] Apply Count : 466509 
2019-07-24 00:49:40,021 [Thread-7] [CONSUMER] THREAD TERMINATED 
2019-07-24 00:49:43,392 [Thread-1] [PRODUCER] LAST SEEK : 4863004 line : 466551 
2019-07-24 00:49:43,393 [Thread-1] [PRODUCER] THREAD TERMINATED 
