2019-07-24 00:46:24,163 [main] [INIT] FILENAME : words.txt  | RESULT DIRECTORY : result/  | PARTITION CNT : 28
2019-07-24 00:46:24,171 [main] [INIT] PRODUCER 
2019-07-24 00:46:24,179 [Thread-2] [CONSUMER THREAD START] THREAD_ID=14 
2019-07-24 00:46:24,180 [Thread-6] [CONSUMER THREAD START] THREAD_ID=18 
2019-07-24 00:46:24,181 [Thread-7] [CONSUMER THREAD START] THREAD_ID=19 
2019-07-24 00:46:24,180 [Thread-3] [CONSUMER THREAD START] THREAD_ID=15 
2019-07-24 00:46:24,178 [Thread-5] [CONSUMER THREAD START] THREAD_ID=17 
2019-07-24 00:46:24,183 [Thread-9] [CONSUMER THREAD START] THREAD_ID=21 
2019-07-24 00:46:24,183 [Thread-10] [CONSUMER THREAD START] THREAD_ID=22 
2019-07-24 00:46:24,184 [Thread-11] [CONSUMER THREAD START] THREAD_ID=23 
2019-07-24 00:46:24,184 [Thread-14] [CONSUMER THREAD START] THREAD_ID=26 
2019-07-24 00:46:24,186 [Thread-13] [CONSUMER THREAD START] THREAD_ID=25 
2019-07-24 00:46:24,199 [Thread-15] [CONSUMER THREAD START] THREAD_ID=27 
2019-07-24 00:46:24,202 [Thread-18] [CONSUMER THREAD START] THREAD_ID=30 
2019-07-24 00:46:24,202 [Thread-4] [CONSUMER THREAD START] THREAD_ID=16 
2019-07-24 00:46:24,203 [Thread-19] [CONSUMER THREAD START] THREAD_ID=31 
2019-07-24 00:46:24,205 [Thread-16] [CONSUMER THREAD START] THREAD_ID=28 
2019-07-24 00:46:24,206 [Thread-12] [CONSUMER THREAD START] THREAD_ID=24 
2019-07-24 00:46:24,206 [Thread-17] [CONSUMER THREAD START] THREAD_ID=29 
2019-07-24 00:46:24,206 [Thread-8] [CONSUMER THREAD START] THREAD_ID=20 
2019-07-24 00:46:24,208 [Thread-21] [CONSUMER THREAD START] THREAD_ID=33 
2019-07-24 00:46:24,212 [Thread-22] [CONSUMER THREAD START] THREAD_ID=34 
2019-07-24 00:46:24,214 [main] [INIT] CONSUMER 
2019-07-24 00:46:24,214 [Thread-26] [CONSUMER THREAD START] THREAD_ID=38 
2019-07-24 00:46:24,215 [Thread-25] [CONSUMER THREAD START] THREAD_ID=37 
2019-07-24 00:46:24,217 [Thread-29] [CONSUMER THREAD START] THREAD_ID=41 
2019-07-24 00:46:24,219 [Thread-23] [CONSUMER THREAD START] THREAD_ID=35 
2019-07-24 00:46:24,226 [Thread-27] [CONSUMER THREAD START] THREAD_ID=39 
2019-07-24 00:46:24,231 [Thread-20] [CONSUMER THREAD START] THREAD_ID=32 
2019-07-24 00:46:24,233 [Thread-24] [CONSUMER THREAD START] THREAD_ID=36 
2019-07-24 00:46:24,234 [Thread-28] [CONSUMER THREAD START] THREAD_ID=40 
2019-07-24 00:47:01,736 [Thread-1] [PRODUCER] line : 10000 | WORD : aligner (SEEK : 97026) 
2019-07-24 00:47:01,835 [Thread-1] [PRODUCER] line : 20000 | WORD : Anti-turkish (SEEK : 207711) 
2019-07-24 00:47:01,856 [Thread-1] [PRODUCER] line : 30000 | WORD : aversely (SEEK : 308813) 
2019-07-24 00:47:01,875 [Thread-1] [PRODUCER] line : 40000 | WORD : bespill (SEEK : 402623) 
2019-07-24 00:47:01,919 [Thread-1] [PRODUCER] line : 50000 | WORD : bravoite (SEEK : 499116) 
2019-07-24 00:47:01,969 [Thread-1] [PRODUCER] line : 60000 | WORD : cardsharp (SEEK : 596131) 
2019-07-24 00:47:01,984 [Thread-1] [PRODUCER] line : 70000 | WORD : Chrysophanus (SEEK : 698016) 
2019-07-24 00:47:02,011 [Thread-1] [PRODUCER] line : 80000 | WORD : commonition (SEEK : 802699) 
2019-07-24 00:47:02,022 [Thread-1] [PRODUCER] line : 90000 | WORD : crescentade (SEEK : 914329) 
2019-07-24 00:47:02,033 [Thread-1] [PRODUCER] line : 100000 | WORD : demichamfron (SEEK : 1012851) 
2019-07-24 00:47:02,073 [Thread-1] [PRODUCER] line : 110000 | WORD : disseminations (SEEK : 1122313) 
2019-07-24 00:47:02,085 [Thread-1] [PRODUCER] line : 120000 | WORD : electioneered (SEEK : 1216351) 
2019-07-24 00:47:02,096 [Thread-1] [PRODUCER] line : 130000 | WORD : euphonized (SEEK : 1319993) 
2019-07-24 00:47:02,107 [Thread-1] [PRODUCER] line : 140000 | WORD : fish-scale (SEEK : 1421620) 
2019-07-24 00:47:02,119 [Thread-1] [PRODUCER] line : 150000 | WORD : gaincall (SEEK : 1519567) 
2019-07-24 00:47:02,136 [Thread-1] [PRODUCER] line : 160000 | WORD : graininess (SEEK : 1615512) 
2019-07-24 00:47:02,216 [Thread-1] [PRODUCER] line : 170000 | WORD : heftily (SEEK : 1714081) 
2019-07-24 00:47:02,224 [Thread-1] [PRODUCER] line : 180000 | WORD : Hooghly (SEEK : 1825686) 
2019-07-24 00:47:02,232 [Thread-1] [PRODUCER] line : 190000 | WORD : indrawn (SEEK : 1928812) 
2019-07-24 00:47:02,240 [Thread-1] [PRODUCER] line : 200000 | WORD : Jacobah (SEEK : 2039964) 
2019-07-24 00:47:02,249 [Thread-1] [PRODUCER] line : 210000 | WORD : kwanzas (SEEK : 2124126) 
2019-07-24 00:47:02,257 [Thread-1] [PRODUCER] line : 220000 | WORD : LittB (SEEK : 2220921) 
2019-07-24 00:47:02,295 [Thread-1] [PRODUCER] line : 230000 | WORD : mastering (SEEK : 2316642) 
2019-07-24 00:47:02,303 [Thread-1] [PRODUCER] line : 240000 | WORD : misapplier (SEEK : 2421476) 
2019-07-24 00:47:02,311 [Thread-1] [PRODUCER] line : 250000 | WORD : napes (SEEK : 2520985) 
2019-07-24 00:47:02,319 [Thread-1] [PRODUCER] line : 260000 | WORD : nonlinearities (SEEK : 2638021) 
2019-07-24 00:47:02,327 [Thread-1] [PRODUCER] line : 270000 | WORD : opaquing (SEEK : 2748629) 
2019-07-24 00:47:02,335 [Thread-1] [PRODUCER] line : 280000 | WORD : OWHN (SEEK : 2860917) 
2019-07-24 00:47:02,345 [Thread-1] [PRODUCER] line : 290000 | WORD : perched (SEEK : 2965260) 
2019-07-24 00:47:02,358 [Thread-1] [PRODUCER] line : 300000 | WORD : plantage (SEEK : 3075021) 
2019-07-24 00:47:02,372 [Thread-1] [PRODUCER] line : 310000 | WORD : prefermentation (SEEK : 3186988) 
2019-07-24 00:47:02,384 [Thread-1] [PRODUCER] line : 320000 | WORD : pugmill (SEEK : 3307412) 
2019-07-24 00:47:02,504 [Thread-1] [PRODUCER] line : 330000 | WORD : reconvicting (SEEK : 3414374) 
2019-07-24 00:47:02,512 [Thread-1] [PRODUCER] line : 340000 | WORD : rhinopharyngeal (SEEK : 3520532) 
2019-07-24 00:47:02,520 [Thread-1] [PRODUCER] line : 350000 | WORD : savioress (SEEK : 3615435) 
2019-07-24 00:47:02,528 [Thread-1] [PRODUCER] line : 360000 | WORD : seriffed (SEEK : 3729385) 
2019-07-24 00:47:02,535 [Thread-1] [PRODUCER] line : 370000 | WORD : slay (SEEK : 3828742) 
2019-07-24 00:47:02,543 [Thread-1] [PRODUCER] line : 380000 | WORD : spragger (SEEK : 3931781) 
2019-07-24 00:47:02,551 [Thread-1] [PRODUCER] line : 390000 | WORD : subsidizations (SEEK : 4040444) 
2019-07-24 00:47:02,559 [Thread-1] [PRODUCER] line : 400000 | WORD : tchincou (SEEK : 4148259) 
2019-07-24 00:47:02,567 [Thread-1] [PRODUCER] line : 410000 | WORD : Tjirebon (SEEK : 4253859) 
2019-07-24 00:47:02,590 [Thread-1] [PRODUCER] line : 420000 | WORD : turnery (SEEK : 4357669) 
2019-07-24 00:47:02,598 [Thread-1] [PRODUCER] line : 430000 | WORD : unentailed (SEEK : 4476083) 
2019-07-24 00:47:02,606 [Thread-1] [PRODUCER] line : 440000 | WORD : unshrunk (SEEK : 4595313) 
2019-07-24 00:47:02,620 [Thread-1] [PRODUCER] line : 450000 | WORD : villagy (SEEK : 4698213) 
2019-07-24 00:47:02,630 [Thread-1] [PRODUCER] line : 460000 | WORD : will-lessly (SEEK : 4798664) 
2019-07-24 00:47:02,636 [Thread-1] [PRODUCER] line : 466551 | WORD : ZZZ (SEEK : 4863004) 
2019-07-24 00:47:02,647 [Thread-1] [PRODUCER] 466551 lines processing is complete. 
2019-07-24 00:48:08,235 [Thread-5] [CONSUMER] WORD : Owenton (SEEK : 2860821) 
2019-07-24 00:48:08,283 [Thread-13] [CONSUMER] WORD : owertaen (SEEK : 2860885) 
2019-07-24 00:48:08,406 [Thread-21] [CONSUMER] WORD : Owyhee (SEEK : 2860935) 
2019-07-24 00:48:08,809 [Thread-25] [CONSUMER] WORD : Owings-Mills (SEEK : 2860971) 
2019-07-24 00:48:08,826 [Thread-9] [CONSUMER] WORD : owercome (SEEK : 2860851) 
2019-07-24 00:48:08,841 [Thread-17] [CONSUMER] WORD : owhere (SEEK : 2860912) 
2019-07-24 00:48:09,041 [Thread-29] [CONSUMER] WORD : owldom (SEEK : 2860998) 
2019-07-24 00:48:12,954 [Thread-11] [CONSUMER] WORD : owerloup (SEEK : 2860869) 
2019-07-24 00:48:13,016 [Thread-19] [CONSUMER] WORD : OWI (SEEK : 2860921) 
2019-07-24 00:48:13,034 [Thread-27] [CONSUMER] WORD : owk (SEEK : 2860987) 
2019-07-24 00:48:13,053 [Thread-23] [CONSUMER] WORD : owing (SEEK : 2860951) 
2019-07-24 00:48:13,053 [Thread-3] [CONSUMER] WORD : Owensburg (SEEK : 2860802) 
2019-07-24 00:48:13,073 [Thread-7] [CONSUMER] WORD : owerance (SEEK : 2860835) 
2019-07-24 00:48:13,184 [Thread-15] [CONSUMER] WORD : owes (SEEK : 2860899) 
2019-07-24 00:48:15,113 [Thread-20] [CONSUMER] WORD : Owicim (SEEK : 2860928) 
2019-07-24 00:48:15,141 [Thread-16] [CONSUMER] WORD : owght (SEEK : 2860905) 
2019-07-24 00:48:15,182 [Thread-4] [CONSUMER] WORD : Owensville (SEEK : 2860813) 
2019-07-24 00:48:15,230 [Thread-24] [CONSUMER] WORD : Owings (SEEK : 2860958) 
2019-07-24 00:48:15,290 [Thread-26] [CONSUMER] WORD : Owingsville (SEEK : 2860983) 
2019-07-24 00:48:15,298 [Thread-8] [CONSUMER] WORD : owerby (SEEK : 2860842) 
2019-07-24 00:48:15,323 [Thread-12] [CONSUMER] WORD : Owerri (SEEK : 2860876) 
2019-07-24 00:48:15,337 [Thread-28] [CONSUMER] WORD : owl (SEEK : 2860991) 
2019-07-24 00:48:15,345 [Thread-18] [CONSUMER] WORD : OWHN (SEEK : 2860917) 
2019-07-24 00:48:15,363 [Thread-14] [CONSUMER] WORD : owerword (SEEK : 2860894) 
2019-07-24 00:48:15,398 [Thread-6] [CONSUMER] WORD : ower (SEEK : 2860826) 
2019-07-24 00:48:15,413 [Thread-2] [CONSUMER] WORD : Owensboro (SEEK : 2860792) 
2019-07-24 00:48:15,429 [Thread-22] [CONSUMER] WORD : owyheeite (SEEK : 2860945) 
2019-07-24 00:48:15,451 [Thread-10] [CONSUMER] WORD : owergang (SEEK : 2860860) 
2019-07-24 00:48:45,935 [Thread-5] [CONSUMER] WORD : Zusman (SEEK : 4862772) 
2019-07-24 00:48:45,936 [Thread-5] [CONSUMER] Consumer processing is complete (SEEK : 4862772) 
2019-07-24 00:48:45,989 [Thread-13] [CONSUMER] WORD : zumbooruk (SEEK : 4862624) 
2019-07-24 00:48:45,990 [Thread-13] [CONSUMER] Consumer processing is complete (SEEK : 4862624) 
2019-07-24 00:48:46,116 [Thread-21] [CONSUMER] WORD : zwieselite (SEEK : 4862894) 
2019-07-24 00:48:46,116 [Thread-21] [CONSUMER] Consumer processing is complete (SEEK : 4862894) 
2019-07-24 00:48:46,527 [Thread-25] [CONSUMER] WORD : Zwinglianism (SEEK : 4862933) 
2019-07-24 00:48:46,528 [Thread-25] [CONSUMER] Consumer processing is complete (SEEK : 4862933) 
2019-07-24 00:48:46,651 [Thread-9] [CONSUMER] WORD : Zuzana (SEEK : 4862802) 
2019-07-24 00:48:46,651 [Thread-9] [CONSUMER] Consumer processing is complete (SEEK : 4862802) 
2019-07-24 00:48:46,677 [Thread-17] [CONSUMER] WORD : Zwicky (SEEK : 4862856) 
2019-07-24 00:48:46,677 [Thread-17] [CONSUMER] Consumer processing is complete (SEEK : 4862856) 
2019-07-24 00:48:46,792 [Thread-29] [CONSUMER] WORD : zwitterionic (SEEK : 4862978) 
2019-07-24 00:48:46,793 [Thread-29] [CONSUMER] Consumer processing is complete (SEEK : 4862978) 
2019-07-24 00:48:51,104 [Thread-19] [CONSUMER] WORD : zwiebacks (SEEK : 4862875) 
2019-07-24 00:48:51,104 [Thread-19] [CONSUMER] Consumer processing is complete (SEEK : 4862875) 
2019-07-24 00:48:51,154 [Thread-11] [CONSUMER] WORD : zwanziger (SEEK : 4862818) 
2019-07-24 00:48:51,155 [Thread-11] [CONSUMER] Consumer processing is complete (SEEK : 4862818) 
2019-07-24 00:48:51,176 [Thread-7] [CONSUMER] WORD : zuurveldt (SEEK : 4862790) 
2019-07-24 00:48:51,176 [Thread-7] [CONSUMER] Consumer processing is complete (SEEK : 4862790) 
2019-07-24 00:48:51,239 [Thread-23] [CONSUMER] WORD : Zwingli (SEEK : 4862910) 
2019-07-24 00:48:51,240 [Thread-23] [CONSUMER] Consumer processing is complete (SEEK : 4862910) 
2019-07-24 00:48:51,252 [Thread-27] [CONSUMER] WORD : zwitter (SEEK : 4862954) 
2019-07-24 00:48:51,253 [Thread-27] [CONSUMER] Consumer processing is complete (SEEK : 4862954) 
2019-07-24 00:48:51,273 [Thread-3] [CONSUMER] WORD : Zworykin (SEEK : 4862994) 
2019-07-24 00:48:51,274 [Thread-3] [CONSUMER] Consumer processing is complete (SEEK : 4862994) 
2019-07-24 00:48:51,353 [Thread-15] [CONSUMER] WORD : Zwick (SEEK : 4862841) 
2019-07-24 00:48:51,353 [Thread-15] [CONSUMER] Consumer processing is complete (SEEK : 4862841) 
2019-07-24 00:48:53,685 [Thread-26] [CONSUMER] WORD : Zwinglianist (SEEK : 4862946) 
2019-07-24 00:48:53,685 [Thread-26] [CONSUMER] Consumer processing is complete (SEEK : 4862946) 
2019-07-24 00:48:53,689 [Thread-16] [CONSUMER] WORD : Zwickau (SEEK : 4862849) 
2019-07-24 00:48:53,689 [Thread-16] [CONSUMER] Consumer processing is complete (SEEK : 4862849) 
2019-07-24 00:48:53,707 [Thread-20] [CONSUMER] WORD : Zwiebel (SEEK : 4862883) 
2019-07-24 00:48:53,707 [Thread-20] [CONSUMER] Consumer processing is complete (SEEK : 4862883) 
2019-07-24 00:48:53,717 [Thread-4] [CONSUMER] WORD : ZZ (SEEK : 4862997) 
2019-07-24 00:48:53,717 [Thread-4] [CONSUMER] Consumer processing is complete (SEEK : 4862997) 
2019-07-24 00:48:53,722 [Thread-12] [CONSUMER] WORD : Zwart (SEEK : 4862824) 
2019-07-24 00:48:53,722 [Thread-12] [CONSUMER] Consumer processing is complete (SEEK : 4862824) 
2019-07-24 00:48:53,737 [Thread-8] [CONSUMER] WORD : zuza (SEEK : 4862795) 
2019-07-24 00:48:53,738 [Thread-8] [CONSUMER] Consumer processing is complete (SEEK : 4862795) 
2019-07-24 00:48:53,745 [Thread-6] [CONSUMER] WORD : ZZZ (SEEK : 4863004) 
2019-07-24 00:48:53,745 [Thread-6] [CONSUMER] Consumer processing is complete (SEEK : 4863004) 
2019-07-24 00:48:53,755 [Thread-24] [CONSUMER] WORD : Zwinglian (SEEK : 4862920) 
2019-07-24 00:48:53,757 [Thread-24] [CONSUMER] Consumer processing is complete (SEEK : 4862920) 
2019-07-24 00:48:53,759 [Thread-28] [CONSUMER] WORD : zwitterion (SEEK : 4862965) 
2019-07-24 00:48:53,759 [Thread-28] [CONSUMER] Consumer processing is complete (SEEK : 4862965) 
2019-07-24 00:48:53,776 [Thread-10] [CONSUMER] WORD : Zu-zu (SEEK : 4862808) 
2019-07-24 00:48:53,777 [Thread-10] [CONSUMER] Consumer processing is complete (SEEK : 4862808) 
2019-07-24 00:48:53,782 [Thread-22] [CONSUMER] WORD : zupanate (SEEK : 4862694) 
2019-07-24 00:48:53,782 [Thread-22] [CONSUMER] Consumer processing is complete (SEEK : 4862694) 
2019-07-24 00:48:53,782 [Thread-2] [CONSUMER] WORD : Zwolle (SEEK : 4862985) 
2019-07-24 00:48:53,782 [Thread-2] [CONSUMER] Consumer processing is complete (SEEK : 4862985) 
2019-07-24 00:48:53,783 [Thread-18] [CONSUMER] WORD : Zwieback (SEEK : 4862865) 
2019-07-24 00:48:53,784 [Thread-18] [CONSUMER] Consumer processing is complete (SEEK : 4862865) 
2019-07-24 00:48:53,785 [Thread-14] [CONSUMER] WORD : Zweig (SEEK : 4862835) 
2019-07-24 00:48:53,785 [Thread-14] [CONSUMER] Consumer processing is complete (SEEK : 4862835) 
2019-07-24 00:50:14,234 [Thread-7] [CONSUMER] LAST WORD : zuurveldt (SEEK : 4862790) 
2019-07-24 00:50:14,235 [Thread-7] [CONSUMER] Duplicate Count : 0 
2019-07-24 00:50:14,235 [Thread-7] [CONSUMER] Apply Count : 466506 
2019-07-24 00:50:14,235 [Thread-7] [CONSUMER] THREAD TERMINATED 
2019-07-24 00:50:14,328 [Thread-27] [CONSUMER] LAST WORD : zwitter (SEEK : 4862954) 
2019-07-24 00:50:14,328 [Thread-27] [CONSUMER] Duplicate Count : 0 
2019-07-24 00:50:14,329 [Thread-27] [CONSUMER] Apply Count : 466506 
2019-07-24 00:50:14,329 [Thread-27] [CONSUMER] THREAD TERMINATED 
2019-07-24 00:50:14,330 [Thread-23] [CONSUMER] LAST WORD : Zwingli (SEEK : 4862910) 
2019-07-24 00:50:14,331 [Thread-23] [CONSUMER] Duplicate Count : 0 
2019-07-24 00:50:14,332 [Thread-23] [CONSUMER] Apply Count : 466506 
2019-07-24 00:50:14,332 [Thread-23] [CONSUMER] THREAD TERMINATED 
2019-07-24 00:50:14,333 [Thread-3] [CONSUMER] LAST WORD : Zworykin (SEEK : 4862994) 
2019-07-24 00:50:14,333 [Thread-3] [CONSUMER] Duplicate Count : 0 
2019-07-24 00:50:14,334 [Thread-3] [CONSUMER] Apply Count : 466506 
2019-07-24 00:50:14,334 [Thread-3] [CONSUMER] THREAD TERMINATED 
2019-07-24 00:50:14,374 [Thread-15] [CONSUMER] LAST WORD : Zwick (SEEK : 4862841) 
2019-07-24 00:50:14,374 [Thread-15] [CONSUMER] Duplicate Count : 0 
2019-07-24 00:50:14,374 [Thread-15] [CONSUMER] Apply Count : 466506 
2019-07-24 00:50:14,374 [Thread-15] [CONSUMER] THREAD TERMINATED 
2019-07-24 00:50:14,600 [Thread-25] [CONSUMER] LAST WORD : Zwinglianism (SEEK : 4862933) 
2019-07-24 00:50:14,601 [Thread-25] [CONSUMER] Duplicate Count : 0 
2019-07-24 00:50:14,602 [Thread-25] [CONSUMER] Apply Count : 466506 
2019-07-24 00:50:14,602 [Thread-25] [CONSUMER] THREAD TERMINATED 
2019-07-24 00:50:14,673 [Thread-9] [CONSUMER] LAST WORD : Zuzana (SEEK : 4862802) 
2019-07-24 00:50:14,674 [Thread-9] [CONSUMER] Duplicate Count : 0 
2019-07-24 00:50:14,674 [Thread-9] [CONSUMER] Apply Count : 466506 
2019-07-24 00:50:14,674 [Thread-9] [CONSUMER] THREAD TERMINATED 
2019-07-24 00:50:14,691 [Thread-26] [CONSUMER] LAST WORD : Zwinglianist (SEEK : 4862946) 
2019-07-24 00:50:14,691 [Thread-26] [CONSUMER] Duplicate Count : 0 
2019-07-24 00:50:14,691 [Thread-26] [CONSUMER] Apply Count : 466506 
2019-07-24 00:50:14,691 [Thread-26] [CONSUMER] THREAD TERMINATED 
2019-07-24 00:50:14,697 [Thread-16] [CONSUMER] LAST WORD : Zwickau (SEEK : 4862849) 
2019-07-24 00:50:14,698 [Thread-16] [CONSUMER] Duplicate Count : 0 
2019-07-24 00:50:14,698 [Thread-16] [CONSUMER] Apply Count : 466506 
2019-07-24 00:50:14,698 [Thread-16] [CONSUMER] THREAD TERMINATED 
2019-07-24 00:50:14,709 [Thread-17] [CONSUMER] LAST WORD : Zwicky (SEEK : 4862856) 
2019-07-24 00:50:14,709 [Thread-17] [CONSUMER] Duplicate Count : 0 
2019-07-24 00:50:14,710 [Thread-17] [CONSUMER] Apply Count : 466506 
2019-07-24 00:50:14,710 [Thread-17] [CONSUMER] THREAD TERMINATED 
2019-07-24 00:50:14,734 [Thread-4] [CONSUMER] LAST WORD : ZZ (SEEK : 4862997) 
2019-07-24 00:50:14,735 [Thread-4] [CONSUMER] Duplicate Count : 0 
2019-07-24 00:50:14,735 [Thread-4] [CONSUMER] Apply Count : 466506 
2019-07-24 00:50:14,735 [Thread-4] [CONSUMER] THREAD TERMINATED 
2019-07-24 00:50:14,742 [Thread-20] [CONSUMER] LAST WORD : Zwiebel (SEEK : 4862883) 
2019-07-24 00:50:14,742 [Thread-20] [CONSUMER] Duplicate Count : 0 
2019-07-24 00:50:14,742 [Thread-20] [CONSUMER] Apply Count : 466506 
2019-07-24 00:50:14,742 [Thread-20] [CONSUMER] THREAD TERMINATED 
2019-07-24 00:50:14,771 [Thread-24] [CONSUMER] LAST WORD : Zwinglian (SEEK : 4862920) 
2019-07-24 00:50:14,771 [Thread-24] [CONSUMER] Duplicate Count : 0 
2019-07-24 00:50:14,771 [Thread-24] [CONSUMER] Apply Count : 466506 
2019-07-24 00:50:14,772 [Thread-24] [CONSUMER] THREAD TERMINATED 
2019-07-24 00:50:14,785 [Thread-6] [CONSUMER] LAST WORD : ZZZ (SEEK : 4863004) 
2019-07-24 00:50:14,785 [Thread-6] [CONSUMER] Duplicate Count : 2 
2019-07-24 00:50:14,785 [Thread-6] [CONSUMER] Apply Count : 466506 
2019-07-24 00:50:14,785 [Thread-6] [CONSUMER] THREAD TERMINATED 
2019-07-24 00:50:14,788 [Thread-12] [CONSUMER] LAST WORD : Zwart (SEEK : 4862824) 
2019-07-24 00:50:14,788 [Thread-12] [CONSUMER] Duplicate Count : 0 
2019-07-24 00:50:14,788 [Thread-12] [CONSUMER] Apply Count : 466506 
2019-07-24 00:50:14,788 [Thread-12] [CONSUMER] THREAD TERMINATED 
2019-07-24 00:50:14,791 [Thread-18] [CONSUMER] LAST WORD : Zwieback (SEEK : 4862865) 
2019-07-24 00:50:14,791 [Thread-18] [CONSUMER] Duplicate Count : 0 
2019-07-24 00:50:14,791 [Thread-18] [CONSUMER] Apply Count : 466506 
2019-07-24 00:50:14,791 [Thread-18] [CONSUMER] THREAD TERMINATED 
2019-07-24 00:50:14,792 [Thread-8] [CONSUMER] LAST WORD : zuza (SEEK : 4862795) 
2019-07-24 00:50:14,792 [Thread-8] [CONSUMER] Duplicate Count : 0 
2019-07-24 00:50:14,792 [Thread-8] [CONSUMER] Apply Count : 466506 
2019-07-24 00:50:14,792 [Thread-8] [CONSUMER] THREAD TERMINATED 
2019-07-24 00:50:14,801 [Thread-22] [CONSUMER] LAST WORD : zupanate (SEEK : 4862694) 
2019-07-24 00:50:14,801 [Thread-22] [CONSUMER] Duplicate Count : 0 
2019-07-24 00:50:14,801 [Thread-22] [CONSUMER] Apply Count : 466506 
2019-07-24 00:50:14,801 [Thread-22] [CONSUMER] THREAD TERMINATED 
2019-07-24 00:50:14,804 [Thread-28] [CONSUMER] LAST WORD : zwitterion (SEEK : 4862965) 
2019-07-24 00:50:14,804 [Thread-28] [CONSUMER] Duplicate Count : 0 
2019-07-24 00:50:14,804 [Thread-28] [CONSUMER] Apply Count : 466506 
2019-07-24 00:50:14,804 [Thread-28] [CONSUMER] THREAD TERMINATED 
2019-07-24 00:50:14,811 [Thread-10] [CONSUMER] LAST WORD : Zu-zu (SEEK : 4862808) 
2019-07-24 00:50:14,811 [Thread-10] [CONSUMER] Duplicate Count : 0 
2019-07-24 00:50:14,811 [Thread-10] [CONSUMER] Apply Count : 466506 
2019-07-24 00:50:14,811 [Thread-10] [CONSUMER] THREAD TERMINATED 
2019-07-24 00:50:14,815 [Thread-14] [CONSUMER] LAST WORD : Zweig (SEEK : 4862835) 
2019-07-24 00:50:14,816 [Thread-14] [CONSUMER] Duplicate Count : 2 
2019-07-24 00:50:14,816 [Thread-14] [CONSUMER] Apply Count : 466506 
2019-07-24 00:50:14,816 [Thread-14] [CONSUMER] THREAD TERMINATED 
2019-07-24 00:50:14,820 [Thread-2] [CONSUMER] LAST WORD : Zwolle (SEEK : 4862985) 
2019-07-24 00:50:14,820 [Thread-29] [CONSUMER] LAST WORD : zwitterionic (SEEK : 4862978) 
2019-07-24 00:50:14,820 [Thread-29] [CONSUMER] Duplicate Count : 0 
2019-07-24 00:50:14,820 [Thread-29] [CONSUMER] Apply Count : 466506 
2019-07-24 00:50:14,821 [Thread-29] [CONSUMER] THREAD TERMINATED 
2019-07-24 00:50:14,820 [Thread-2] [CONSUMER] Duplicate Count : 0 
2019-07-24 00:50:14,821 [Thread-2] [CONSUMER] Apply Count : 466506 
2019-07-24 00:50:14,821 [Thread-2] [CONSUMER] THREAD TERMINATED 
2019-07-24 00:50:14,985 [Thread-5] [CONSUMER] LAST WORD : Zusman (SEEK : 4862772) 
2019-07-24 00:50:14,986 [Thread-5] [CONSUMER] Duplicate Count : 0 
2019-07-24 00:50:14,987 [Thread-5] [CONSUMER] Apply Count : 466506 
2019-07-24 00:50:14,987 [Thread-5] [CONSUMER] THREAD TERMINATED 
2019-07-24 00:50:15,036 [Thread-13] [CONSUMER] LAST WORD : zumbooruk (SEEK : 4862624) 
2019-07-24 00:50:15,036 [Thread-13] [CONSUMER] Duplicate Count : 0 
2019-07-24 00:50:15,036 [Thread-13] [CONSUMER] Apply Count : 466506 
2019-07-24 00:50:15,036 [Thread-13] [CONSUMER] THREAD TERMINATED 
2019-07-24 00:50:15,117 [Thread-19] [CONSUMER] LAST WORD : zwiebacks (SEEK : 4862875) 
2019-07-24 00:50:15,117 [Thread-19] [CONSUMER] Duplicate Count : 0 
2019-07-24 00:50:15,117 [Thread-19] [CONSUMER] Apply Count : 466506 
2019-07-24 00:50:15,117 [Thread-19] [CONSUMER] THREAD TERMINATED 
2019-07-24 00:50:15,139 [Thread-21] [CONSUMER] LAST WORD : zwieselite (SEEK : 4862894) 
2019-07-24 00:50:15,139 [Thread-21] [CONSUMER] Duplicate Count : 0 
2019-07-24 00:50:15,140 [Thread-21] [CONSUMER] Apply Count : 466506 
2019-07-24 00:50:15,140 [Thread-21] [CONSUMER] THREAD TERMINATED 
2019-07-24 00:50:15,167 [Thread-11] [CONSUMER] LAST WORD : zwanziger (SEEK : 4862818) 
2019-07-24 00:50:15,167 [Thread-11] [CONSUMER] Duplicate Count : 0 
2019-07-24 00:50:15,167 [Thread-11] [CONSUMER] Apply Count : 466506 
2019-07-24 00:50:15,167 [Thread-11] [CONSUMER] THREAD TERMINATED 
2019-07-24 00:50:22,759 [Thread-1] [PRODUCER] LAST SEEK : 4863004 line : 466551 
2019-07-24 00:50:22,759 [Thread-1] [PRODUCER] THREAD TERMINATED 
